Removed Member From Class: ClassName=Sheet1 Member=D3
Change Component Designator: OldDesignator=C1 NewDesignator=C2
Change Component Designator: OldDesignator=C2 NewDesignator=C3
Change Component Designator: OldDesignator=C3 NewDesignator=C4
Change Component Designator: OldDesignator=C4 NewDesignator=C1
Change Component Designator: OldDesignator=D1 NewDesignator=D2
Change Component Designator: OldDesignator=D2 NewDesignator=D4
Change Component Designator: OldDesignator=D3 NewDesignator=D1
Change Component Designator: OldDesignator=D NewDesignator=D3
Change Component Designator: OldDesignator=GP2 NewDesignator=GP3
Change Component Designator: OldDesignator=J1 NewDesignator=J2
Change Component Designator: OldDesignator=J2 NewDesignator=J3
Change Component Designator: OldDesignator=J3 NewDesignator=J4
Change Component Designator: OldDesignator=J4 NewDesignator=J5
Change Component Designator: OldDesignator=J NewDesignator=J1
Change Component Designator: OldDesignator=U3 NewDesignator=U4
Change Component Designator: OldDesignator=U4 NewDesignator=U5
Change Component Designator: OldDesignator=U5 NewDesignator=U6
Change Component Designator: OldDesignator=U6 NewDesignator=U7
Change Component Designator: OldDesignator=U7 NewDesignator=U3
Change Component Designator: OldDesignator=X NewDesignator=X2
Added Component: Designator=GP2(2.75mm Grounded Pad)
Add component. Clean all parameters for all variants
Added Component: Designator=GP4(2.75mm Grounded Pad)
Add component. Clean all parameters for all variants
Added Pin To Net: NetName=GND Pin=GP2-1
Added Pin To Net: NetName=GND Pin=GP4-1
Change Net Name : Old Net Name=NetC1_1 New Net Name=NetC2_1
Change Net Name : Old Net Name=NetC4_2 New Net Name=NetC1_2
Change Net Name : Old Net Name=NetD1_1 New Net Name=NetD2_1
Change Net Name : Old Net Name=NetD1_2 New Net Name=NetD2_2
Change Net Name : Old Net Name=NetD2_1 New Net Name=NetD4_1
Change Net Name : Old Net Name=NetD3_1 New Net Name=NetD1_1
Change Net Name : Old Net Name=NetD3_2 New Net Name=NetD1_2
Change Net Name : Old Net Name=NetD3_3 New Net Name=NetD1_3
Change Net Name : Old Net Name=NetD3_4 New Net Name=NetD1_4
Change Net Name : Old Net Name=NetD_C New Net Name=NetD3_C
Change Net Name : Old Net Name=NetJ1_1 New Net Name=NetJ2_1
Change Net Name : Old Net Name=NetJ1_3 New Net Name=NetJ2_3
Change Net Name : Old Net Name=NetJ1_4 New Net Name=NetJ2_4
Change Net Name : Old Net Name=NetJ1_5 New Net Name=NetJ2_5
Change Net Name : Old Net Name=NetJ1_6 New Net Name=NetJ2_6
Change Net Name : Old Net Name=NetJ1_7 New Net Name=NetJ2_7
Change Net Name : Old Net Name=NetJ1_8 New Net Name=NetJ2_8
Change Net Name : Old Net Name=NetJ1_9 New Net Name=NetJ2_9
Change Net Name : Old Net Name=NetJ2_1 New Net Name=NetJ3_1
Change Net Name : Old Net Name=NetJ2_3 New Net Name=NetJ3_3
Change Net Name : Old Net Name=NetJ2_4 New Net Name=NetJ3_4
Change Net Name : Old Net Name=NetJ2_6 New Net Name=NetJ3_6
Change Net Name : Old Net Name=NetJ2_7 New Net Name=NetJ3_7
Change Net Name : Old Net Name=NetJ2_8 New Net Name=NetJ3_8
Change Net Name : Old Net Name=NetJ2_9 New Net Name=NetJ3_9
Change Net Name : Old Net Name=NetJ3_1 New Net Name=NetJ4_1
Change Net Name : Old Net Name=NetJ3_3 New Net Name=NetJ4_3
Change Net Name : Old Net Name=NetJ3_4 New Net Name=NetJ4_4
Change Net Name : Old Net Name=NetJ3_6 New Net Name=NetJ4_6
Change Net Name : Old Net Name=NetJ3_7 New Net Name=NetJ4_7
Change Net Name : Old Net Name=NetJ3_8 New Net Name=NetJ4_8
Change Net Name : Old Net Name=NetJ3_9 New Net Name=NetJ4_9
Change Net Name : Old Net Name=NetJ4_2 New Net Name=NetJ5_2
Change Net Name : Old Net Name=NetJ4_3 New Net Name=NetJ5_3
Change Net Name : Old Net Name=NetU3_9 New Net Name=NetU4_9
Change Net Name : Old Net Name=NetU3_10 New Net Name=NetU4_10
Change Net Name : Old Net Name=NetU3_11 New Net Name=NetU4_11
Change Net Name : Old Net Name=NetU3_12 New Net Name=NetU4_12
Change Net Name : Old Net Name=NetU3_13 New Net Name=NetU4_13
Change Net Name : Old Net Name=NetU3_14 New Net Name=NetU4_14
Change Net Name : Old Net Name=NetU3_15 New Net Name=NetU4_15
Change Net Name : Old Net Name=NetU5_9 New Net Name=NetU6_9
Change Net Name : Old Net Name=NetU5_10 New Net Name=NetU6_10
Change Net Name : Old Net Name=NetU5_11 New Net Name=NetU6_11
Change Net Name : Old Net Name=NetU5_12 New Net Name=NetU6_12
Change Net Name : Old Net Name=NetU5_13 New Net Name=NetU6_13
Change Net Name : Old Net Name=NetU5_14 New Net Name=NetU6_14
Change Net Name : Old Net Name=NetU5_15 New Net Name=NetU6_15
Added Member To Class: ClassName=Sheet1 Member=Component D4 OF-SMD3528WC
Added Member To Class: ClassName=Sheet1 Member=Component GP3 Grounded Pad
Added Member To Class: ClassName=Sheet1 Member=Component GP4 Grounded Pad
Change Rule Scope 1 : Old Scope=InNet('NetC1_1') New Scope=InNet('NetC2_1')
Change Rule Scope 1 : Old Scope=InNet('NetD_C') New Scope=InNet('NetD3_C')
Change Rule Scope 1 : Old Scope=InNet('NetJ1_5') New Scope=InNet('NetJ2_5')
Change Rule Scope 1 : Old Scope=InNet('NetJ4_3') New Scope=InNet('NetJ5_3')
Change Rule Scope 1 : Old Scope=InNet('NetJ4_2') New Scope=InNet('NetJ5_2')
