Removed Pin From Net: NetName=NetP2_6 Pin=U1-1
Removed Pin From Net: NetName=NetP2_7 Pin=U1-2
Removed Pin From Net: NetName=NetP2_8 Pin=U1-6
Removed Pin From Net: NetName=NetP2_5 Pin=U1-7
Removed Pin From Net: NetName=NetP1_9 Pin=U5-1
Removed Pin From Net: NetName=NetP1_10 Pin=U5-2
Removed Pin From Net: NetName=NetP1_11 Pin=U5-6
Removed Pin From Net: NetName=NetP1_8 Pin=U5-7
Added Pin To Net: NetName=NetP2_5 Pin=U1-1
Added Pin To Net: NetName=NetP2_6 Pin=U1-2
Added Pin To Net: NetName=NetP2_7 Pin=U1-6
Added Pin To Net: NetName=NetP2_8 Pin=U1-7
Added Pin To Net: NetName=NetP1_8 Pin=U5-1
Added Pin To Net: NetName=NetP1_9 Pin=U5-2
Added Pin To Net: NetName=NetP1_10 Pin=U5-6
Added Pin To Net: NetName=NetP1_11 Pin=U5-7
Added Pin To Net: NetName=NetP2_10 Pin=P2-10
Added Pin To Net: NetName=NetP2_10 Pin=U3-1
Added Net: Name=NetP2_10
Added Pin To Net: NetName=NetP2_11 Pin=P2-11
Added Pin To Net: NetName=NetP2_11 Pin=U3-2
Added Net: Name=NetP2_11
Added Pin To Net: NetName=NetP2_12 Pin=P2-12
Added Pin To Net: NetName=NetP2_12 Pin=U3-6
Added Net: Name=NetP2_12
Added Pin To Net: NetName=NetP2_13 Pin=P2-13
Added Pin To Net: NetName=NetP2_13 Pin=U3-7
Added Net: Name=NetP2_13
Added Member To Class: ClassName=Sheet1 Member=Component J 1751251
Added Room: Name=Sheet1
